<?xml version="1.0" encoding="UTF-8"?>
<!-- Generated by org.testng.reporters.JUnitXMLReporter -->
<testsuite ignored="0" hostname="LAPTOP-29588IJ5" failures="0" tests="1" name="chrometest" time="0.669" errors="0" timestamp="2026-02-14T05:45:01 IST">
  <testcase classname="testBase.BaseClass" name="@BeforeClass setup" time="0.224">
    <failure type="java.lang.NullPointerException" message="Cannot invoke &amp;quot;org.apache.logging.log4j.plugins.di.spi.FactoryResolver.supportsKey(org.apache.logging.log4j.plugins.di.Key)&amp;quot; because &amp;quot;resolver&amp;quot; is null">
      <![CDATA[java.lang.NullPointerException: Cannot invoke "org.apache.logging.log4j.plugins.di.spi.FactoryResolver.supportsKey(org.apache.logging.log4j.plugins.di.Key)" because "resolver" is null
at org.apache.logging.log4j.plugins.di.DefaultInstanceFactory.lambda$resolveKey$4(DefaultInstanceFactory.java:132)
at java.base/java.util.stream.ReferencePipeline$2$1.accept(ReferencePipeline.java:178)
at java.base/java.util.ArrayList$ArrayListSpliterator.tryAdvance(ArrayList.java:1685)
at java.base/java.util.stream.ReferencePipeline.forEachWithCancel(ReferencePipeline.java:129)
at java.base/java.util.stream.AbstractPipeline.copyIntoWithCancel(AbstractPipeline.java:527)
at java.base/java.util.stream.AbstractPipeline.copyInto(AbstractPipeline.java:513)
at java.base/java.util.stream.AbstractPipeline.wrapAndCopyInto(AbstractPipeline.java:499)
at java.base/java.util.stream.FindOps$FindOp.evaluateSequential(FindOps.java:150)
at java.base/java.util.stream.AbstractPipeline.evaluate(AbstractPipeline.java:234)
at java.base/java.util.stream.ReferencePipeline.findFirst(ReferencePipeline.java:647)
at org.apache.logging.log4j.plugins.di.DefaultInstanceFactory.resolveKey(DefaultInstanceFactory.java:133)
at org.apache.logging.log4j.plugins.di.DefaultInstanceFactory.getFactory(DefaultInstanceFactory.java:123)
at org.apache.logging.log4j.plugins.di.InstanceFactory.getFactory(InstanceFactory.java:82)
at org.apache.logging.log4j.plugins.di.InstanceFactory.getFactory(InstanceFactory.java:93)
at org.apache.logging.log4j.plugins.di.InstanceFactory.getInstance(InstanceFactory.java:115)
at org.apache.logging.log4j.core.LoggerContext.<init>(LoggerContext.java:148)
at org.apache.logging.log4j.core.LoggerContext$Builder.build(LoggerContext.java:996)
at org.apache.logging.log4j.core.selector.AbstractContextSelector.createContext(AbstractContextSelector.java:42)
at org.apache.logging.log4j.core.selector.ClassLoaderContextSelector.locateContext(ClassLoaderContextSelector.java:231)
at org.apache.logging.log4j.core.selector.ClassLoaderContextSelector.getContext(ClassLoaderContextSelector.java:149)
at org.apache.logging.log4j.core.selector.ClassLoaderContextSelector.getContext(ClassLoaderContextSelector.java:132)
at org.apache.logging.log4j.core.selector.ClassLoaderContextSelector.getContext(ClassLoaderContextSelector.java:126)
at org.apache.logging.log4j.core.impl.Log4jContextFactory.getContext(Log4jContextFactory.java:151)
at org.apache.logging.log4j.core.impl.Log4jContextFactory.getContext(Log4jContextFactory.java:49)
at org.apache.logging.log4j.LogManager.getContext(LogManager.java:138)
at org.apache.logging.log4j.LogManager.getLogger(LogManager.java:555)
at testBase.BaseClass.setup(BaseClass.java:50)
at java.base/java.util.ArrayList.forEach(ArrayList.java:1596)
at java.base/java.util.concurrent.FutureTask.run(FutureTask.java:317)
at java.base/java.util.concurrent.ThreadPoolExecutor.runWorker(ThreadPoolExecutor.java:1144)
at java.base/java.util.concurrent.ThreadPoolExecutor$Worker.run(ThreadPoolExecutor.java:642)
at java.base/java.lang.Thread.run(Thread.java:1583)
... Removed 13 stack frames]]>
    </failure>
  </testcase> <!-- @BeforeClass setup -->
  <testcase classname="testBase.BaseClass" name="@BeforeClass setup" time="0.42">
    <failure type="java.lang.NullPointerException" message="Cannot invoke &amp;quot;org.apache.logging.log4j.plugins.di.spi.FactoryResolver.supportsKey(org.apache.logging.log4j.plugins.di.Key)&amp;quot; because &amp;quot;resolver&amp;quot; is null">
      <![CDATA[java.lang.NullPointerException: Cannot invoke "org.apache.logging.log4j.plugins.di.spi.FactoryResolver.supportsKey(org.apache.logging.log4j.plugins.di.Key)" because "resolver" is null
at org.apache.logging.log4j.plugins.di.DefaultInstanceFactory.lambda$resolveKey$4(DefaultInstanceFactory.java:132)
at java.base/java.util.stream.ReferencePipeline$2$1.accept(ReferencePipeline.java:178)
at java.base/java.util.ArrayList$ArrayListSpliterator.tryAdvance(ArrayList.java:1685)
at java.base/java.util.stream.ReferencePipeline.forEachWithCancel(ReferencePipeline.java:129)
at java.base/java.util.stream.AbstractPipeline.copyIntoWithCancel(AbstractPipeline.java:527)
at java.base/java.util.stream.AbstractPipeline.copyInto(AbstractPipeline.java:513)
at java.base/java.util.stream.AbstractPipeline.wrapAndCopyInto(AbstractPipeline.java:499)
at java.base/java.util.stream.FindOps$FindOp.evaluateSequential(FindOps.java:150)
at java.base/java.util.stream.AbstractPipeline.evaluate(AbstractPipeline.java:234)
at java.base/java.util.stream.ReferencePipeline.findFirst(ReferencePipeline.java:647)
at org.apache.logging.log4j.plugins.di.DefaultInstanceFactory.resolveKey(DefaultInstanceFactory.java:133)
at org.apache.logging.log4j.plugins.di.DefaultInstanceFactory.getFactory(DefaultInstanceFactory.java:123)
at org.apache.logging.log4j.plugins.di.InstanceFactory.getFactory(InstanceFactory.java:82)
at org.apache.logging.log4j.plugins.di.InstanceFactory.getFactory(InstanceFactory.java:93)
at org.apache.logging.log4j.plugins.di.InstanceFactory.getInstance(InstanceFactory.java:115)
at org.apache.logging.log4j.core.LoggerContext.<init>(LoggerContext.java:148)
at org.apache.logging.log4j.core.LoggerContext$Builder.build(LoggerContext.java:996)
at org.apache.logging.log4j.core.selector.AbstractContextSelector.createContext(AbstractContextSelector.java:42)
at org.apache.logging.log4j.core.selector.ClassLoaderContextSelector.locateContext(ClassLoaderContextSelector.java:231)
at org.apache.logging.log4j.core.selector.ClassLoaderContextSelector.getContext(ClassLoaderContextSelector.java:149)
at org.apache.logging.log4j.core.selector.ClassLoaderContextSelector.getContext(ClassLoaderContextSelector.java:132)
at org.apache.logging.log4j.core.selector.ClassLoaderContextSelector.getContext(ClassLoaderContextSelector.java:126)
at org.apache.logging.log4j.core.impl.Log4jContextFactory.getContext(Log4jContextFactory.java:151)
at org.apache.logging.log4j.core.impl.Log4jContextFactory.getContext(Log4jContextFactory.java:49)
at org.apache.logging.log4j.LogManager.getContext(LogManager.java:138)
at org.apache.logging.log4j.LogManager.getLogger(LogManager.java:555)
at testBase.BaseClass.setup(BaseClass.java:50)
at java.base/java.util.ArrayList.forEach(ArrayList.java:1596)
at java.base/java.util.concurrent.FutureTask.run(FutureTask.java:317)
at java.base/java.util.concurrent.ThreadPoolExecutor.runWorker(ThreadPoolExecutor.java:1144)
at java.base/java.util.concurrent.ThreadPoolExecutor$Worker.run(ThreadPoolExecutor.java:642)
at java.base/java.lang.Thread.run(Thread.java:1583)
... Removed 13 stack frames]]>
    </failure>
  </testcase> <!-- @BeforeClass setup -->
  <testcase classname="testBase.BaseClass" name="@AfterClass tearDown" time="0.0">
    <skipped/>
  </testcase> <!-- @AfterClass tearDown -->
  <testcase classname="testBase.BaseClass" name="@AfterClass tearDown" time="0.0">
    <skipped/>
  </testcase> <!-- @AfterClass tearDown -->
  <testcase classname="testCases.TC_001_AccountRegistrationTest" name="verify_account_registration" time="0.0">
    <skipped/>
  </testcase> <!-- verify_account_registration -->
</testsuite> <!-- chrometest -->
